<?xml version="1.0" encoding="UTF-8"?>
<testng-results skipped="0" failed="0" ignored="0" total="1" passed="1">
  <reporter-output>
    <line>
      <![CDATA[<a href='C:\ravi work\seleniumWS\CMRTestAutomation\src\main\java\com\test\automation\screenShot\blank_23_02_2018_11_22_57.png'> <img src='C:\ravi work\seleniumWS\CMRTestAutomation\src\main\java\com\test\automation\screenShot\blank_23_02_2018_11_22_57.png' height='100' width='100'/> </a>]]>
    </line>
  </reporter-output>
  <suite name="Default suite" duration-ms="54055" started-at="2018-02-23T17:52:05Z" finished-at="2018-02-23T17:52:59Z">
    <groups>
    </groups>
    <test name="Default test" duration-ms="54055" started-at="2018-02-23T17:52:05Z" finished-at="2018-02-23T17:52:59Z">
      <class name="com.test.automation.test.Login">
        <test-method status="PASS" signature="beforeMethod(java.lang.reflect.Method)[pri:0, instance:com.test.automation.test.Login@e874448]" name="beforeMethod" is-config="true" duration-ms="15" started-at="2018-02-23T23:22:05Z" finished-at="2018-02-23T23:22:05Z">
          <params>
            <param index="0">
              <value>
                <![CDATA[public void com.test.automation.test.Login.teslogin() throws java.lang.InterruptedException]]>
              </value>
            </param>
          </params>
          <reporter-output>
          </reporter-output>
        </test-method> <!-- beforeMethod -->
        <test-method status="PASS" signature="setup()[pri:0, instance:com.test.automation.test.Login@e874448]" name="setup" is-config="true" duration-ms="10446" started-at="2018-02-23T23:22:05Z" finished-at="2018-02-23T23:22:15Z">
          <reporter-output>
          </reporter-output>
        </test-method> <!-- setup -->
        <test-method status="PASS" signature="teslogin()[pri:3, instance:com.test.automation.test.Login@e874448]" name="teslogin" duration-ms="41627" started-at="2018-02-23T23:22:15Z" finished-at="2018-02-23T23:22:57Z">
          <reporter-output>
          </reporter-output>
        </test-method> <!-- teslogin -->
        <test-method status="PASS" signature="afterMethod(org.testng.ITestResult)[pri:0, instance:com.test.automation.test.Login@e874448]" name="afterMethod" is-config="true" duration-ms="925" started-at="2018-02-23T23:22:57Z" finished-at="2018-02-23T23:22:58Z">
          <params>
            <param index="0">
              <value>
                <![CDATA[[TestResult name=teslogin status=SUCCESS method=Login.teslogin()[pri:3, instance:com.test.automation.test.Login@e874448] output={null}]]]>
              </value>
            </param>
          </params>
          <reporter-output>
            <line>
              <![CDATA[<a href='C:\ravi work\seleniumWS\CMRTestAutomation\src\main\java\com\test\automation\screenShot\blank_23_02_2018_11_22_57.png'> <img src='C:\ravi work\seleniumWS\CMRTestAutomation\src\main\java\com\test\automation\screenShot\blank_23_02_2018_11_22_57.png' height='100' width='100'/> </a>]]>
            </line>
          </reporter-output>
        </test-method> <!-- afterMethod -->
        <test-method status="PASS" signature="endTest()[pri:0, instance:com.test.automation.test.Login@e874448]" name="endTest" is-config="true" duration-ms="1017" started-at="2018-02-23T23:22:58Z" finished-at="2018-02-23T23:22:59Z">
          <reporter-output>
          </reporter-output>
        </test-method> <!-- endTest -->
      </class> <!-- com.test.automation.test.Login -->
    </test> <!-- Default test -->
  </suite> <!-- Default suite -->
</testng-results>
